{"/Users/applepie/Dev/study/node-js-textbook/node-bird-test/src/controllers/user.ts": {"path":"/Users/applepie/Dev/study/node-js-textbook/node-bird-test/src/controllers/user.ts","statementMap":{"0":{"start":{"line":1,"column":0},"end":{"line":1,"column":75}},"1":{"start":{"line":2,"column":0},"end":{"line":2,"column":34}},"2":{"start":{"line":4,"column":19},"end":{"line":4,"column":35}},"3":{"start":{"line":6,"column":28},"end":{"line":26,"column":2}},"4":{"start":{"line":10,"column":4},"end":{"line":26,"column":2}},"5":{"start":{"line":11,"column":15},"end":{"line":11,"column":27}},"6":{"start":{"line":12,"column":19},"end":{"line":12,"column":32}},"7":{"start":{"line":14,"column":17},"end":{"line":14,"column":60}},"8":{"start":{"line":16,"column":2},"end":{"line":25,"column":null}},"9":{"start":{"line":17,"column":4},"end":{"line":22,"column":null}},"10":{"start":{"line":18,"column":6},"end":{"line":18,"column":47}},"11":{"start":{"line":19,"column":6},"end":{"line":19,"column":26}},"12":{"start":{"line":21,"column":6},"end":{"line":21,"column":38}},"13":{"start":{"line":24,"column":4},"end":{"line":24,"column":21}},"14":{"start":{"line":6,"column":13},"end":{"line":6,"column":28}}},"fnMap":{"0":{"name":"(anonymous_8)","decl":{"start":{"line":6,"column":28},"end":{"line":6,"column":null}},"loc":{"start":{"line":10,"column":4},"end":{"line":26,"column":2}}},"1":{"name":"(anonymous_9)","decl":{"start":{"line":10,"column":4},"end":{"line":10,"column":null}},"loc":{"start":{"line":10,"column":4},"end":{"line":26,"column":1}}}},"branchMap":{"0":{"loc":{"start":{"line":11,"column":15},"end":{"line":11,"column":27}},"type":"cond-expr","locations":[{"start":{"line":11,"column":23},"end":{"line":11,"column":25}},{"start":{"line":11,"column":23},"end":{"line":11,"column":27}}]},"1":{"loc":{"start":{"line":11,"column":15},"end":{"line":11,"column":25}},"type":"binary-expr","locations":[{"start":{"line":11,"column":15},"end":{"line":11,"column":25}},{"start":{"line":11,"column":23},"end":{"line":11,"column":25}}]},"2":{"loc":{"start":{"line":17,"column":4},"end":{"line":22,"column":null}},"type":"if","locations":[{"start":{"line":17,"column":4},"end":{"line":22,"column":null}},{"start":{"line":20,"column":11},"end":{"line":22,"column":null}}]}},"s":{"0":1,"1":1,"2":1,"3":1,"4":3,"5":3,"6":3,"7":3,"8":2,"9":2,"10":1,"11":1,"12":1,"13":0,"14":1},"f":{"0":3,"1":3},"b":{"0":[0,3],"1":[3,3],"2":[1,1]}}
,"/Users/applepie/Dev/study/node-js-textbook/node-bird-test/src/middleware/is-login.ts": {"path":"/Users/applepie/Dev/study/node-js-textbook/node-bird-test/src/middleware/is-login.ts","statementMap":{"0":{"start":{"line":3,"column":26},"end":{"line":9,"column":1}},"1":{"start":{"line":4,"column":2},"end":{"line":8,"column":null}},"2":{"start":{"line":5,"column":4},"end":{"line":5,"column":11}},"3":{"start":{"line":7,"column":4},"end":{"line":7,"column":35}},"4":{"start":{"line":3,"column":13},"end":{"line":3,"column":26}},"5":{"start":{"line":11,"column":29},"end":{"line":22,"column":1}},"6":{"start":{"line":16,"column":2},"end":{"line":21,"column":null}},"7":{"start":{"line":17,"column":4},"end":{"line":17,"column":11}},"8":{"start":{"line":19,"column":20},"end":{"line":19,"column":53}},"9":{"start":{"line":20,"column":4},"end":{"line":20,"column":39}},"10":{"start":{"line":11,"column":13},"end":{"line":11,"column":29}}},"fnMap":{"0":{"name":"(anonymous_0)","decl":{"start":{"line":3,"column":26},"end":{"line":3,"column":27}},"loc":{"start":{"line":3,"column":78},"end":{"line":9,"column":1}}},"1":{"name":"(anonymous_1)","decl":{"start":{"line":11,"column":29},"end":{"line":11,"column":null}},"loc":{"start":{"line":15,"column":4},"end":{"line":22,"column":1}}}},"branchMap":{"0":{"loc":{"start":{"line":4,"column":2},"end":{"line":8,"column":null}},"type":"if","locations":[{"start":{"line":4,"column":2},"end":{"line":8,"column":null}},{"start":{"line":6,"column":9},"end":{"line":8,"column":null}}]},"1":{"loc":{"start":{"line":16,"column":2},"end":{"line":21,"column":null}},"type":"if","locations":[{"start":{"line":16,"column":2},"end":{"line":21,"column":null}},{"start":{"line":18,"column":9},"end":{"line":21,"column":null}}]}},"s":{"0":1,"1":2,"2":1,"3":1,"4":1,"5":1,"6":2,"7":1,"8":1,"9":1,"10":1},"f":{"0":2,"1":2},"b":{"0":[1,1],"1":[1,1]}}
,"/Users/applepie/Dev/study/node-js-textbook/node-bird-test/src/models/user.ts": {"path":"/Users/applepie/Dev/study/node-js-textbook/node-bird-test/src/models/user.ts","statementMap":{"0":{"start":{"line":1,"column":0},"end":{"line":1,"column":null}},"1":{"start":{"line":15,"column":0},"end":{"line":15,"column":68}},"2":{"start":{"line":16,"column":0},"end":{"line":16,"column":43}},"3":{"start":{"line":18,"column":52},"end":{"line":18,"column":67}},"4":{"start":{"line":51,"column":24},"end":{"line":93,"column":1}},"5":{"start":{"line":52,"column":2},"end":{"line":90,"column":4}},"6":{"start":{"line":92,"column":2},"end":{"line":92,"column":14}},"7":{"start":{"line":51,"column":13},"end":{"line":51,"column":24}},"8":{"start":{"line":115,"column":0},"end":{"line":115,"column":20}}},"fnMap":{"0":{"name":"(anonymous_0)","decl":{"start":{"line":51,"column":24},"end":{"line":51,"column":25}},"loc":{"start":{"line":51,"column":49},"end":{"line":93,"column":1}}}},"branchMap":{},"s":{"0":1,"1":1,"2":1,"3":1,"4":1,"5":0,"6":0,"7":1,"8":1},"f":{"0":0},"b":{}}
,"/Users/applepie/Dev/study/node-js-textbook/node-bird-test/src/models/utils/attribute.ts": {"path":"/Users/applepie/Dev/study/node-js-textbook/node-bird-test/src/models/utils/attribute.ts","statementMap":{"0":{"start":{"line":1,"column":0},"end":{"line":1,"column":67}},"1":{"start":{"line":3,"column":13},"end":{"line":9,"column":2}},"2":{"start":{"line":11,"column":13},"end":{"line":26,"column":2}}},"fnMap":{},"branchMap":{},"s":{"0":1,"1":1,"2":1},"f":{},"b":{}}
,"/Users/applepie/Dev/study/node-js-textbook/node-bird-test/src/models/utils/const.ts": {"path":"/Users/applepie/Dev/study/node-js-textbook/node-bird-test/src/models/utils/const.ts","statementMap":{"0":{"start":{"line":1,"column":13},"end":{"line":16,"column":2}},"1":{"start":{"line":18,"column":13},"end":{"line":18,"column":29}}},"fnMap":{},"branchMap":{},"s":{"0":1,"1":1},"f":{},"b":{}}
}
