TN:
SF:src/controllers/user.ts
FN:6,(anonymous_8)
FN:10,(anonymous_9)
FNF:2
FNH:2
FNDA:3,(anonymous_8)
FNDA:3,(anonymous_9)
DA:1,1
DA:2,1
DA:4,1
DA:6,1
DA:10,3
DA:11,3
DA:12,3
DA:14,3
DA:16,2
DA:17,2
DA:18,1
DA:19,1
DA:21,1
DA:24,0
LF:14
LH:13
BRDA:11,0,0,0
BRDA:11,0,1,3
BRDA:11,1,0,3
BRDA:11,1,1,3
BRDA:17,2,0,1
BRDA:17,2,1,1
BRF:6
BRH:5
end_of_record
TN:
SF:src/middleware/is-login.ts
FN:3,(anonymous_0)
FN:11,(anonymous_1)
FNF:2
FNH:2
FNDA:2,(anonymous_0)
FNDA:2,(anonymous_1)
DA:3,1
DA:4,2
DA:5,1
DA:7,1
DA:11,1
DA:16,2
DA:17,1
DA:19,1
DA:20,1
LF:9
LH:9
BRDA:4,0,0,1
BRDA:4,0,1,1
BRDA:16,1,0,1
BRDA:16,1,1,1
BRF:4
BRH:4
end_of_record
TN:
SF:src/models/user.ts
FN:51,(anonymous_0)
FNF:1
FNH:0
FNDA:0,(anonymous_0)
DA:1,1
DA:15,1
DA:16,1
DA:18,1
DA:51,1
DA:52,0
DA:92,0
DA:115,1
LF:8
LH:6
BRF:0
BRH:0
end_of_record
TN:
SF:src/models/utils/attribute.ts
FNF:0
FNH:0
DA:1,1
DA:3,1
DA:11,1
LF:3
LH:3
BRF:0
BRH:0
end_of_record
TN:
SF:src/models/utils/const.ts
FNF:0
FNH:0
DA:1,1
DA:18,1
LF:2
LH:2
BRF:0
BRH:0
end_of_record
